ERROR - 2024-06-28 12:28:27 --> mysqli_sql_exception: Column 'nama' cannot be null in /Users/fullstackdeveloper-baren/Dev/src/github/mobile-programming-api/system/Database/MySQLi/Connection.php:308
Stack trace:
#0 /Users/fullstackdeveloper-baren/Dev/src/github/mobile-programming-api/system/Database/MySQLi/Connection.php(308): mysqli->query('INSERT INTO `me...', 0)
#1 /Users/fullstackdeveloper-baren/Dev/src/github/mobile-programming-api/system/Database/BaseConnection.php(722): CodeIgniter\Database\MySQLi\Connection->execute('INSERT INTO `me...')
#2 /Users/fullstackdeveloper-baren/Dev/src/github/mobile-programming-api/system/Database/BaseConnection.php(636): CodeIgniter\Database\BaseConnection->simpleQuery('INSERT INTO `me...')
#3 /Users/fullstackdeveloper-baren/Dev/src/github/mobile-programming-api/system/Database/BaseBuilder.php(2325): CodeIgniter\Database\BaseConnection->query('INSERT INTO `me...', Array, false)
#4 /Users/fullstackdeveloper-baren/Dev/src/github/mobile-programming-api/system/Model.php(383): CodeIgniter\Database\BaseBuilder->insert()
#5 /Users/fullstackdeveloper-baren/Dev/src/github/mobile-programming-api/system/BaseModel.php(840): CodeIgniter\Model->doInsert(Array)
#6 /Users/fullstackdeveloper-baren/Dev/src/github/mobile-programming-api/system/Model.php(791): CodeIgniter\BaseModel->insert(Array, false)
#7 /Users/fullstackdeveloper-baren/Dev/src/github/mobile-programming-api/system/BaseModel.php(751): CodeIgniter\Model->insert(Array, false)
#8 /Users/fullstackdeveloper-baren/Dev/src/github/mobile-programming-api/app/Controllers/RegistrasiController.php(38): CodeIgniter\BaseModel->save(Array)
#9 /Users/fullstackdeveloper-baren/Dev/src/github/mobile-programming-api/system/CodeIgniter.php(933): App\Controllers\RegistrasiController->registrasi()
#10 /Users/fullstackdeveloper-baren/Dev/src/github/mobile-programming-api/system/CodeIgniter.php(509): CodeIgniter\CodeIgniter->runController(Object(App\Controllers\RegistrasiController))
#11 /Users/fullstackdeveloper-baren/Dev/src/github/mobile-programming-api/system/CodeIgniter.php(355): CodeIgniter\CodeIgniter->handleRequest(NULL, Object(Config\Cache), false)
#12 /Users/fullstackdeveloper-baren/Dev/src/github/mobile-programming-api/system/Boot.php(312): CodeIgniter\CodeIgniter->run()
#13 /Users/fullstackdeveloper-baren/Dev/src/github/mobile-programming-api/system/Boot.php(67): CodeIgniter\Boot::runCodeIgniter(Object(CodeIgniter\CodeIgniter))
#14 /Users/fullstackdeveloper-baren/Dev/src/github/mobile-programming-api/public/index.php(56): CodeIgniter\Boot::bootWeb(Object(Config\Paths))
#15 /Users/fullstackdeveloper-baren/Dev/src/github/mobile-programming-api/system/Commands/Server/rewrite.php(49): require_once('/Users/fullstac...')
#16 {main}
CRITICAL - 2024-06-28 12:28:27 --> CodeIgniter\Database\Exceptions\DatabaseException: Column 'nama' cannot be null
[Method: POST, Route: registrasi]
in SYSTEMPATH/Database/BaseConnection.php on line 676.
 1 SYSTEMPATH/Database/BaseBuilder.php(2325): CodeIgniter\Database\BaseConnection->query('INSERT INTO `member` (`nama`, `email`, `password`) VALUES (:nama:, :email:, :password:)', [...], false)
 2 SYSTEMPATH/Model.php(383): CodeIgniter\Database\BaseBuilder->insert()
 3 SYSTEMPATH/BaseModel.php(840): CodeIgniter\Model->doInsert([...])
 4 SYSTEMPATH/Model.php(791): CodeIgniter\BaseModel->insert([...], false)
 5 SYSTEMPATH/BaseModel.php(751): CodeIgniter\Model->insert([...], false)
 6 APPPATH/Controllers/RegistrasiController.php(38): CodeIgniter\BaseModel->save([...])
 7 SYSTEMPATH/CodeIgniter.php(933): App\Controllers\RegistrasiController->registrasi()
 8 SYSTEMPATH/CodeIgniter.php(509): CodeIgniter\CodeIgniter->runController(Object(App\Controllers\RegistrasiController))
 9 SYSTEMPATH/CodeIgniter.php(355): CodeIgniter\CodeIgniter->handleRequest(null, Object(Config\Cache), false)
10 SYSTEMPATH/Boot.php(312): CodeIgniter\CodeIgniter->run()
11 SYSTEMPATH/Boot.php(67): CodeIgniter\Boot::runCodeIgniter(Object(CodeIgniter\CodeIgniter))
12 FCPATH/index.php(56): CodeIgniter\Boot::bootWeb(Object(Config\Paths))
13 SYSTEMPATH/Commands/Server/rewrite.php(49): require_once('/Users/fullstackdeveloper-baren/Dev/src/github/mobile-programming-api/public/index.php')
CRITICAL - 2024-06-28 12:28:27 --> [Caused by] CodeIgniter\Database\Exceptions\DatabaseException: Column 'nama' cannot be null
in SYSTEMPATH/Database/MySQLi/Connection.php on line 313.
 1 SYSTEMPATH/Database/BaseConnection.php(722): CodeIgniter\Database\MySQLi\Connection->execute('INSERT INTO `member` (`nama`, `email`, `password`) VALUES (NULL, \'baren@gmail.com\', \'$2y$10$rQ/JsZ8PELmdmfxqgfW//uGfH5sKieKqp1gmbBb/eIGSgSttPOYZS\')')
 2 SYSTEMPATH/Database/BaseConnection.php(636): CodeIgniter\Database\BaseConnection->simpleQuery('INSERT INTO `member` (`nama`, `email`, `password`) VALUES (NULL, \'baren@gmail.com\', \'$2y$10$rQ/JsZ8PELmdmfxqgfW//uGfH5sKieKqp1gmbBb/eIGSgSttPOYZS\')')
 3 SYSTEMPATH/Database/BaseBuilder.php(2325): CodeIgniter\Database\BaseConnection->query('INSERT INTO `member` (`nama`, `email`, `password`) VALUES (:nama:, :email:, :password:)', [...], false)
 4 SYSTEMPATH/Model.php(383): CodeIgniter\Database\BaseBuilder->insert()
 5 SYSTEMPATH/BaseModel.php(840): CodeIgniter\Model->doInsert([...])
 6 SYSTEMPATH/Model.php(791): CodeIgniter\BaseModel->insert([...], false)
 7 SYSTEMPATH/BaseModel.php(751): CodeIgniter\Model->insert([...], false)
 8 APPPATH/Controllers/RegistrasiController.php(38): CodeIgniter\BaseModel->save([...])
 9 SYSTEMPATH/CodeIgniter.php(933): App\Controllers\RegistrasiController->registrasi()
10 SYSTEMPATH/CodeIgniter.php(509): CodeIgniter\CodeIgniter->runController(Object(App\Controllers\RegistrasiController))
11 SYSTEMPATH/CodeIgniter.php(355): CodeIgniter\CodeIgniter->handleRequest(null, Object(Config\Cache), false)
12 SYSTEMPATH/Boot.php(312): CodeIgniter\CodeIgniter->run()
13 SYSTEMPATH/Boot.php(67): CodeIgniter\Boot::runCodeIgniter(Object(CodeIgniter\CodeIgniter))
14 FCPATH/index.php(56): CodeIgniter\Boot::bootWeb(Object(Config\Paths))
15 SYSTEMPATH/Commands/Server/rewrite.php(49): require_once('/Users/fullstackdeveloper-baren/Dev/src/github/mobile-programming-api/public/index.php')
CRITICAL - 2024-06-28 12:28:27 --> [Caused by] mysqli_sql_exception: Column 'nama' cannot be null
in SYSTEMPATH/Database/MySQLi/Connection.php on line 308.
 1 SYSTEMPATH/Database/MySQLi/Connection.php(308): mysqli->query('INSERT INTO `member` (`nama`, `email`, `password`) VALUES (NULL, \'baren@gmail.com\', \'$2y$10$rQ/JsZ8PELmdmfxqgfW//uGfH5sKieKqp1gmbBb/eIGSgSttPOYZS\')', 0)
 2 SYSTEMPATH/Database/BaseConnection.php(722): CodeIgniter\Database\MySQLi\Connection->execute('INSERT INTO `member` (`nama`, `email`, `password`) VALUES (NULL, \'baren@gmail.com\', \'$2y$10$rQ/JsZ8PELmdmfxqgfW//uGfH5sKieKqp1gmbBb/eIGSgSttPOYZS\')')
 3 SYSTEMPATH/Database/BaseConnection.php(636): CodeIgniter\Database\BaseConnection->simpleQuery('INSERT INTO `member` (`nama`, `email`, `password`) VALUES (NULL, \'baren@gmail.com\', \'$2y$10$rQ/JsZ8PELmdmfxqgfW//uGfH5sKieKqp1gmbBb/eIGSgSttPOYZS\')')
 4 SYSTEMPATH/Database/BaseBuilder.php(2325): CodeIgniter\Database\BaseConnection->query('INSERT INTO `member` (`nama`, `email`, `password`) VALUES (:nama:, :email:, :password:)', [...], false)
 5 SYSTEMPATH/Model.php(383): CodeIgniter\Database\BaseBuilder->insert()
 6 SYSTEMPATH/BaseModel.php(840): CodeIgniter\Model->doInsert([...])
 7 SYSTEMPATH/Model.php(791): CodeIgniter\BaseModel->insert([...], false)
 8 SYSTEMPATH/BaseModel.php(751): CodeIgniter\Model->insert([...], false)
 9 APPPATH/Controllers/RegistrasiController.php(38): CodeIgniter\BaseModel->save([...])
10 SYSTEMPATH/CodeIgniter.php(933): App\Controllers\RegistrasiController->registrasi()
11 SYSTEMPATH/CodeIgniter.php(509): CodeIgniter\CodeIgniter->runController(Object(App\Controllers\RegistrasiController))
12 SYSTEMPATH/CodeIgniter.php(355): CodeIgniter\CodeIgniter->handleRequest(null, Object(Config\Cache), false)
13 SYSTEMPATH/Boot.php(312): CodeIgniter\CodeIgniter->run()
14 SYSTEMPATH/Boot.php(67): CodeIgniter\Boot::runCodeIgniter(Object(CodeIgniter\CodeIgniter))
15 FCPATH/index.php(56): CodeIgniter\Boot::bootWeb(Object(Config\Paths))
16 SYSTEMPATH/Commands/Server/rewrite.php(49): require_once('/Users/fullstackdeveloper-baren/Dev/src/github/mobile-programming-api/public/index.php')
ERROR - 2024-06-28 12:28:32 --> mysqli_sql_exception: Column 'nama' cannot be null in /Users/fullstackdeveloper-baren/Dev/src/github/mobile-programming-api/system/Database/MySQLi/Connection.php:308
Stack trace:
#0 /Users/fullstackdeveloper-baren/Dev/src/github/mobile-programming-api/system/Database/MySQLi/Connection.php(308): mysqli->query('INSERT INTO `me...', 0)
#1 /Users/fullstackdeveloper-baren/Dev/src/github/mobile-programming-api/system/Database/BaseConnection.php(722): CodeIgniter\Database\MySQLi\Connection->execute('INSERT INTO `me...')
#2 /Users/fullstackdeveloper-baren/Dev/src/github/mobile-programming-api/system/Database/BaseConnection.php(636): CodeIgniter\Database\BaseConnection->simpleQuery('INSERT INTO `me...')
#3 /Users/fullstackdeveloper-baren/Dev/src/github/mobile-programming-api/system/Database/BaseBuilder.php(2325): CodeIgniter\Database\BaseConnection->query('INSERT INTO `me...', Array, false)
#4 /Users/fullstackdeveloper-baren/Dev/src/github/mobile-programming-api/system/Model.php(383): CodeIgniter\Database\BaseBuilder->insert()
#5 /Users/fullstackdeveloper-baren/Dev/src/github/mobile-programming-api/system/BaseModel.php(840): CodeIgniter\Model->doInsert(Array)
#6 /Users/fullstackdeveloper-baren/Dev/src/github/mobile-programming-api/system/Model.php(791): CodeIgniter\BaseModel->insert(Array, false)
#7 /Users/fullstackdeveloper-baren/Dev/src/github/mobile-programming-api/system/BaseModel.php(751): CodeIgniter\Model->insert(Array, false)
#8 /Users/fullstackdeveloper-baren/Dev/src/github/mobile-programming-api/app/Controllers/RegistrasiController.php(38): CodeIgniter\BaseModel->save(Array)
#9 /Users/fullstackdeveloper-baren/Dev/src/github/mobile-programming-api/system/CodeIgniter.php(933): App\Controllers\RegistrasiController->registrasi()
#10 /Users/fullstackdeveloper-baren/Dev/src/github/mobile-programming-api/system/CodeIgniter.php(509): CodeIgniter\CodeIgniter->runController(Object(App\Controllers\RegistrasiController))
#11 /Users/fullstackdeveloper-baren/Dev/src/github/mobile-programming-api/system/CodeIgniter.php(355): CodeIgniter\CodeIgniter->handleRequest(NULL, Object(Config\Cache), false)
#12 /Users/fullstackdeveloper-baren/Dev/src/github/mobile-programming-api/system/Boot.php(312): CodeIgniter\CodeIgniter->run()
#13 /Users/fullstackdeveloper-baren/Dev/src/github/mobile-programming-api/system/Boot.php(67): CodeIgniter\Boot::runCodeIgniter(Object(CodeIgniter\CodeIgniter))
#14 /Users/fullstackdeveloper-baren/Dev/src/github/mobile-programming-api/public/index.php(56): CodeIgniter\Boot::bootWeb(Object(Config\Paths))
#15 /Users/fullstackdeveloper-baren/Dev/src/github/mobile-programming-api/system/Commands/Server/rewrite.php(49): require_once('/Users/fullstac...')
#16 {main}
CRITICAL - 2024-06-28 12:28:32 --> CodeIgniter\Database\Exceptions\DatabaseException: Column 'nama' cannot be null
[Method: POST, Route: registrasi]
in SYSTEMPATH/Database/BaseConnection.php on line 676.
 1 SYSTEMPATH/Database/BaseBuilder.php(2325): CodeIgniter\Database\BaseConnection->query('INSERT INTO `member` (`nama`, `email`, `password`) VALUES (:nama:, :email:, :password:)', [...], false)
 2 SYSTEMPATH/Model.php(383): CodeIgniter\Database\BaseBuilder->insert()
 3 SYSTEMPATH/BaseModel.php(840): CodeIgniter\Model->doInsert([...])
 4 SYSTEMPATH/Model.php(791): CodeIgniter\BaseModel->insert([...], false)
 5 SYSTEMPATH/BaseModel.php(751): CodeIgniter\Model->insert([...], false)
 6 APPPATH/Controllers/RegistrasiController.php(38): CodeIgniter\BaseModel->save([...])
 7 SYSTEMPATH/CodeIgniter.php(933): App\Controllers\RegistrasiController->registrasi()
 8 SYSTEMPATH/CodeIgniter.php(509): CodeIgniter\CodeIgniter->runController(Object(App\Controllers\RegistrasiController))
 9 SYSTEMPATH/CodeIgniter.php(355): CodeIgniter\CodeIgniter->handleRequest(null, Object(Config\Cache), false)
10 SYSTEMPATH/Boot.php(312): CodeIgniter\CodeIgniter->run()
11 SYSTEMPATH/Boot.php(67): CodeIgniter\Boot::runCodeIgniter(Object(CodeIgniter\CodeIgniter))
12 FCPATH/index.php(56): CodeIgniter\Boot::bootWeb(Object(Config\Paths))
13 SYSTEMPATH/Commands/Server/rewrite.php(49): require_once('/Users/fullstackdeveloper-baren/Dev/src/github/mobile-programming-api/public/index.php')
CRITICAL - 2024-06-28 12:28:32 --> [Caused by] CodeIgniter\Database\Exceptions\DatabaseException: Column 'nama' cannot be null
in SYSTEMPATH/Database/MySQLi/Connection.php on line 313.
 1 SYSTEMPATH/Database/BaseConnection.php(722): CodeIgniter\Database\MySQLi\Connection->execute('INSERT INTO `member` (`nama`, `email`, `password`) VALUES (NULL, \'baren@gmail.com\', \'$2y$10$/OSUb7/7c2PDIjNtBEfwOu.TgXzipGN5t.58m48ePNVLyTR6HE.PW\')')
 2 SYSTEMPATH/Database/BaseConnection.php(636): CodeIgniter\Database\BaseConnection->simpleQuery('INSERT INTO `member` (`nama`, `email`, `password`) VALUES (NULL, \'baren@gmail.com\', \'$2y$10$/OSUb7/7c2PDIjNtBEfwOu.TgXzipGN5t.58m48ePNVLyTR6HE.PW\')')
 3 SYSTEMPATH/Database/BaseBuilder.php(2325): CodeIgniter\Database\BaseConnection->query('INSERT INTO `member` (`nama`, `email`, `password`) VALUES (:nama:, :email:, :password:)', [...], false)
 4 SYSTEMPATH/Model.php(383): CodeIgniter\Database\BaseBuilder->insert()
 5 SYSTEMPATH/BaseModel.php(840): CodeIgniter\Model->doInsert([...])
 6 SYSTEMPATH/Model.php(791): CodeIgniter\BaseModel->insert([...], false)
 7 SYSTEMPATH/BaseModel.php(751): CodeIgniter\Model->insert([...], false)
 8 APPPATH/Controllers/RegistrasiController.php(38): CodeIgniter\BaseModel->save([...])
 9 SYSTEMPATH/CodeIgniter.php(933): App\Controllers\RegistrasiController->registrasi()
10 SYSTEMPATH/CodeIgniter.php(509): CodeIgniter\CodeIgniter->runController(Object(App\Controllers\RegistrasiController))
11 SYSTEMPATH/CodeIgniter.php(355): CodeIgniter\CodeIgniter->handleRequest(null, Object(Config\Cache), false)
12 SYSTEMPATH/Boot.php(312): CodeIgniter\CodeIgniter->run()
13 SYSTEMPATH/Boot.php(67): CodeIgniter\Boot::runCodeIgniter(Object(CodeIgniter\CodeIgniter))
14 FCPATH/index.php(56): CodeIgniter\Boot::bootWeb(Object(Config\Paths))
15 SYSTEMPATH/Commands/Server/rewrite.php(49): require_once('/Users/fullstackdeveloper-baren/Dev/src/github/mobile-programming-api/public/index.php')
CRITICAL - 2024-06-28 12:28:32 --> [Caused by] mysqli_sql_exception: Column 'nama' cannot be null
in SYSTEMPATH/Database/MySQLi/Connection.php on line 308.
 1 SYSTEMPATH/Database/MySQLi/Connection.php(308): mysqli->query('INSERT INTO `member` (`nama`, `email`, `password`) VALUES (NULL, \'baren@gmail.com\', \'$2y$10$/OSUb7/7c2PDIjNtBEfwOu.TgXzipGN5t.58m48ePNVLyTR6HE.PW\')', 0)
 2 SYSTEMPATH/Database/BaseConnection.php(722): CodeIgniter\Database\MySQLi\Connection->execute('INSERT INTO `member` (`nama`, `email`, `password`) VALUES (NULL, \'baren@gmail.com\', \'$2y$10$/OSUb7/7c2PDIjNtBEfwOu.TgXzipGN5t.58m48ePNVLyTR6HE.PW\')')
 3 SYSTEMPATH/Database/BaseConnection.php(636): CodeIgniter\Database\BaseConnection->simpleQuery('INSERT INTO `member` (`nama`, `email`, `password`) VALUES (NULL, \'baren@gmail.com\', \'$2y$10$/OSUb7/7c2PDIjNtBEfwOu.TgXzipGN5t.58m48ePNVLyTR6HE.PW\')')
 4 SYSTEMPATH/Database/BaseBuilder.php(2325): CodeIgniter\Database\BaseConnection->query('INSERT INTO `member` (`nama`, `email`, `password`) VALUES (:nama:, :email:, :password:)', [...], false)
 5 SYSTEMPATH/Model.php(383): CodeIgniter\Database\BaseBuilder->insert()
 6 SYSTEMPATH/BaseModel.php(840): CodeIgniter\Model->doInsert([...])
 7 SYSTEMPATH/Model.php(791): CodeIgniter\BaseModel->insert([...], false)
 8 SYSTEMPATH/BaseModel.php(751): CodeIgniter\Model->insert([...], false)
 9 APPPATH/Controllers/RegistrasiController.php(38): CodeIgniter\BaseModel->save([...])
10 SYSTEMPATH/CodeIgniter.php(933): App\Controllers\RegistrasiController->registrasi()
11 SYSTEMPATH/CodeIgniter.php(509): CodeIgniter\CodeIgniter->runController(Object(App\Controllers\RegistrasiController))
12 SYSTEMPATH/CodeIgniter.php(355): CodeIgniter\CodeIgniter->handleRequest(null, Object(Config\Cache), false)
13 SYSTEMPATH/Boot.php(312): CodeIgniter\CodeIgniter->run()
14 SYSTEMPATH/Boot.php(67): CodeIgniter\Boot::runCodeIgniter(Object(CodeIgniter\CodeIgniter))
15 FCPATH/index.php(56): CodeIgniter\Boot::bootWeb(Object(Config\Paths))
16 SYSTEMPATH/Commands/Server/rewrite.php(49): require_once('/Users/fullstackdeveloper-baren/Dev/src/github/mobile-programming-api/public/index.php')
ERROR - 2024-06-28 12:28:42 --> mysqli_sql_exception: Column 'nama' cannot be null in /Users/fullstackdeveloper-baren/Dev/src/github/mobile-programming-api/system/Database/MySQLi/Connection.php:308
Stack trace:
#0 /Users/fullstackdeveloper-baren/Dev/src/github/mobile-programming-api/system/Database/MySQLi/Connection.php(308): mysqli->query('INSERT INTO `me...', 0)
#1 /Users/fullstackdeveloper-baren/Dev/src/github/mobile-programming-api/system/Database/BaseConnection.php(722): CodeIgniter\Database\MySQLi\Connection->execute('INSERT INTO `me...')
#2 /Users/fullstackdeveloper-baren/Dev/src/github/mobile-programming-api/system/Database/BaseConnection.php(636): CodeIgniter\Database\BaseConnection->simpleQuery('INSERT INTO `me...')
#3 /Users/fullstackdeveloper-baren/Dev/src/github/mobile-programming-api/system/Database/BaseBuilder.php(2325): CodeIgniter\Database\BaseConnection->query('INSERT INTO `me...', Array, false)
#4 /Users/fullstackdeveloper-baren/Dev/src/github/mobile-programming-api/system/Model.php(383): CodeIgniter\Database\BaseBuilder->insert()
#5 /Users/fullstackdeveloper-baren/Dev/src/github/mobile-programming-api/system/BaseModel.php(840): CodeIgniter\Model->doInsert(Array)
#6 /Users/fullstackdeveloper-baren/Dev/src/github/mobile-programming-api/system/Model.php(791): CodeIgniter\BaseModel->insert(Array, false)
#7 /Users/fullstackdeveloper-baren/Dev/src/github/mobile-programming-api/system/BaseModel.php(751): CodeIgniter\Model->insert(Array, false)
#8 /Users/fullstackdeveloper-baren/Dev/src/github/mobile-programming-api/app/Controllers/RegistrasiController.php(38): CodeIgniter\BaseModel->save(Array)
#9 /Users/fullstackdeveloper-baren/Dev/src/github/mobile-programming-api/system/CodeIgniter.php(933): App\Controllers\RegistrasiController->registrasi()
#10 /Users/fullstackdeveloper-baren/Dev/src/github/mobile-programming-api/system/CodeIgniter.php(509): CodeIgniter\CodeIgniter->runController(Object(App\Controllers\RegistrasiController))
#11 /Users/fullstackdeveloper-baren/Dev/src/github/mobile-programming-api/system/CodeIgniter.php(355): CodeIgniter\CodeIgniter->handleRequest(NULL, Object(Config\Cache), false)
#12 /Users/fullstackdeveloper-baren/Dev/src/github/mobile-programming-api/system/Boot.php(312): CodeIgniter\CodeIgniter->run()
#13 /Users/fullstackdeveloper-baren/Dev/src/github/mobile-programming-api/system/Boot.php(67): CodeIgniter\Boot::runCodeIgniter(Object(CodeIgniter\CodeIgniter))
#14 /Users/fullstackdeveloper-baren/Dev/src/github/mobile-programming-api/public/index.php(56): CodeIgniter\Boot::bootWeb(Object(Config\Paths))
#15 /Users/fullstackdeveloper-baren/Dev/src/github/mobile-programming-api/system/Commands/Server/rewrite.php(49): require_once('/Users/fullstac...')
#16 {main}
CRITICAL - 2024-06-28 12:28:42 --> CodeIgniter\Database\Exceptions\DatabaseException: Column 'nama' cannot be null
[Method: POST, Route: registrasi]
in SYSTEMPATH/Database/BaseConnection.php on line 676.
 1 SYSTEMPATH/Database/BaseBuilder.php(2325): CodeIgniter\Database\BaseConnection->query('INSERT INTO `member` (`nama`, `email`, `password`) VALUES (:nama:, :email:, :password:)', [...], false)
 2 SYSTEMPATH/Model.php(383): CodeIgniter\Database\BaseBuilder->insert()
 3 SYSTEMPATH/BaseModel.php(840): CodeIgniter\Model->doInsert([...])
 4 SYSTEMPATH/Model.php(791): CodeIgniter\BaseModel->insert([...], false)
 5 SYSTEMPATH/BaseModel.php(751): CodeIgniter\Model->insert([...], false)
 6 APPPATH/Controllers/RegistrasiController.php(38): CodeIgniter\BaseModel->save([...])
 7 SYSTEMPATH/CodeIgniter.php(933): App\Controllers\RegistrasiController->registrasi()
 8 SYSTEMPATH/CodeIgniter.php(509): CodeIgniter\CodeIgniter->runController(Object(App\Controllers\RegistrasiController))
 9 SYSTEMPATH/CodeIgniter.php(355): CodeIgniter\CodeIgniter->handleRequest(null, Object(Config\Cache), false)
10 SYSTEMPATH/Boot.php(312): CodeIgniter\CodeIgniter->run()
11 SYSTEMPATH/Boot.php(67): CodeIgniter\Boot::runCodeIgniter(Object(CodeIgniter\CodeIgniter))
12 FCPATH/index.php(56): CodeIgniter\Boot::bootWeb(Object(Config\Paths))
13 SYSTEMPATH/Commands/Server/rewrite.php(49): require_once('/Users/fullstackdeveloper-baren/Dev/src/github/mobile-programming-api/public/index.php')
CRITICAL - 2024-06-28 12:28:42 --> [Caused by] CodeIgniter\Database\Exceptions\DatabaseException: Column 'nama' cannot be null
in SYSTEMPATH/Database/MySQLi/Connection.php on line 313.
 1 SYSTEMPATH/Database/BaseConnection.php(722): CodeIgniter\Database\MySQLi\Connection->execute('INSERT INTO `member` (`nama`, `email`, `password`) VALUES (NULL, \'baren@gmail.com\', \'$2y$10$M342.jq7NV5jA5.vUp0lNeb4SjMyHhzEL/oTMTwOrQcnMDwxZLsxm\')')
 2 SYSTEMPATH/Database/BaseConnection.php(636): CodeIgniter\Database\BaseConnection->simpleQuery('INSERT INTO `member` (`nama`, `email`, `password`) VALUES (NULL, \'baren@gmail.com\', \'$2y$10$M342.jq7NV5jA5.vUp0lNeb4SjMyHhzEL/oTMTwOrQcnMDwxZLsxm\')')
 3 SYSTEMPATH/Database/BaseBuilder.php(2325): CodeIgniter\Database\BaseConnection->query('INSERT INTO `member` (`nama`, `email`, `password`) VALUES (:nama:, :email:, :password:)', [...], false)
 4 SYSTEMPATH/Model.php(383): CodeIgniter\Database\BaseBuilder->insert()
 5 SYSTEMPATH/BaseModel.php(840): CodeIgniter\Model->doInsert([...])
 6 SYSTEMPATH/Model.php(791): CodeIgniter\BaseModel->insert([...], false)
 7 SYSTEMPATH/BaseModel.php(751): CodeIgniter\Model->insert([...], false)
 8 APPPATH/Controllers/RegistrasiController.php(38): CodeIgniter\BaseModel->save([...])
 9 SYSTEMPATH/CodeIgniter.php(933): App\Controllers\RegistrasiController->registrasi()
10 SYSTEMPATH/CodeIgniter.php(509): CodeIgniter\CodeIgniter->runController(Object(App\Controllers\RegistrasiController))
11 SYSTEMPATH/CodeIgniter.php(355): CodeIgniter\CodeIgniter->handleRequest(null, Object(Config\Cache), false)
12 SYSTEMPATH/Boot.php(312): CodeIgniter\CodeIgniter->run()
13 SYSTEMPATH/Boot.php(67): CodeIgniter\Boot::runCodeIgniter(Object(CodeIgniter\CodeIgniter))
14 FCPATH/index.php(56): CodeIgniter\Boot::bootWeb(Object(Config\Paths))
15 SYSTEMPATH/Commands/Server/rewrite.php(49): require_once('/Users/fullstackdeveloper-baren/Dev/src/github/mobile-programming-api/public/index.php')
CRITICAL - 2024-06-28 12:28:42 --> [Caused by] mysqli_sql_exception: Column 'nama' cannot be null
in SYSTEMPATH/Database/MySQLi/Connection.php on line 308.
 1 SYSTEMPATH/Database/MySQLi/Connection.php(308): mysqli->query('INSERT INTO `member` (`nama`, `email`, `password`) VALUES (NULL, \'baren@gmail.com\', \'$2y$10$M342.jq7NV5jA5.vUp0lNeb4SjMyHhzEL/oTMTwOrQcnMDwxZLsxm\')', 0)
 2 SYSTEMPATH/Database/BaseConnection.php(722): CodeIgniter\Database\MySQLi\Connection->execute('INSERT INTO `member` (`nama`, `email`, `password`) VALUES (NULL, \'baren@gmail.com\', \'$2y$10$M342.jq7NV5jA5.vUp0lNeb4SjMyHhzEL/oTMTwOrQcnMDwxZLsxm\')')
 3 SYSTEMPATH/Database/BaseConnection.php(636): CodeIgniter\Database\BaseConnection->simpleQuery('INSERT INTO `member` (`nama`, `email`, `password`) VALUES (NULL, \'baren@gmail.com\', \'$2y$10$M342.jq7NV5jA5.vUp0lNeb4SjMyHhzEL/oTMTwOrQcnMDwxZLsxm\')')
 4 SYSTEMPATH/Database/BaseBuilder.php(2325): CodeIgniter\Database\BaseConnection->query('INSERT INTO `member` (`nama`, `email`, `password`) VALUES (:nama:, :email:, :password:)', [...], false)
 5 SYSTEMPATH/Model.php(383): CodeIgniter\Database\BaseBuilder->insert()
 6 SYSTEMPATH/BaseModel.php(840): CodeIgniter\Model->doInsert([...])
 7 SYSTEMPATH/Model.php(791): CodeIgniter\BaseModel->insert([...], false)
 8 SYSTEMPATH/BaseModel.php(751): CodeIgniter\Model->insert([...], false)
 9 APPPATH/Controllers/RegistrasiController.php(38): CodeIgniter\BaseModel->save([...])
10 SYSTEMPATH/CodeIgniter.php(933): App\Controllers\RegistrasiController->registrasi()
11 SYSTEMPATH/CodeIgniter.php(509): CodeIgniter\CodeIgniter->runController(Object(App\Controllers\RegistrasiController))
12 SYSTEMPATH/CodeIgniter.php(355): CodeIgniter\CodeIgniter->handleRequest(null, Object(Config\Cache), false)
13 SYSTEMPATH/Boot.php(312): CodeIgniter\CodeIgniter->run()
14 SYSTEMPATH/Boot.php(67): CodeIgniter\Boot::runCodeIgniter(Object(CodeIgniter\CodeIgniter))
15 FCPATH/index.php(56): CodeIgniter\Boot::bootWeb(Object(Config\Paths))
16 SYSTEMPATH/Commands/Server/rewrite.php(49): require_once('/Users/fullstackdeveloper-baren/Dev/src/github/mobile-programming-api/public/index.php')
ERROR - 2024-06-28 12:29:40 --> mysqli_sql_exception: Column 'nama' cannot be null in /Users/fullstackdeveloper-baren/Dev/src/github/mobile-programming-api/system/Database/MySQLi/Connection.php:308
Stack trace:
#0 /Users/fullstackdeveloper-baren/Dev/src/github/mobile-programming-api/system/Database/MySQLi/Connection.php(308): mysqli->query('INSERT INTO `me...', 0)
#1 /Users/fullstackdeveloper-baren/Dev/src/github/mobile-programming-api/system/Database/BaseConnection.php(722): CodeIgniter\Database\MySQLi\Connection->execute('INSERT INTO `me...')
#2 /Users/fullstackdeveloper-baren/Dev/src/github/mobile-programming-api/system/Database/BaseConnection.php(636): CodeIgniter\Database\BaseConnection->simpleQuery('INSERT INTO `me...')
#3 /Users/fullstackdeveloper-baren/Dev/src/github/mobile-programming-api/system/Database/BaseBuilder.php(2325): CodeIgniter\Database\BaseConnection->query('INSERT INTO `me...', Array, false)
#4 /Users/fullstackdeveloper-baren/Dev/src/github/mobile-programming-api/system/Model.php(383): CodeIgniter\Database\BaseBuilder->insert()
#5 /Users/fullstackdeveloper-baren/Dev/src/github/mobile-programming-api/system/BaseModel.php(840): CodeIgniter\Model->doInsert(Array)
#6 /Users/fullstackdeveloper-baren/Dev/src/github/mobile-programming-api/system/Model.php(791): CodeIgniter\BaseModel->insert(Array, false)
#7 /Users/fullstackdeveloper-baren/Dev/src/github/mobile-programming-api/system/BaseModel.php(751): CodeIgniter\Model->insert(Array, false)
#8 /Users/fullstackdeveloper-baren/Dev/src/github/mobile-programming-api/app/Controllers/RegistrasiController.php(38): CodeIgniter\BaseModel->save(Array)
#9 /Users/fullstackdeveloper-baren/Dev/src/github/mobile-programming-api/system/CodeIgniter.php(933): App\Controllers\RegistrasiController->registrasi()
#10 /Users/fullstackdeveloper-baren/Dev/src/github/mobile-programming-api/system/CodeIgniter.php(509): CodeIgniter\CodeIgniter->runController(Object(App\Controllers\RegistrasiController))
#11 /Users/fullstackdeveloper-baren/Dev/src/github/mobile-programming-api/system/CodeIgniter.php(355): CodeIgniter\CodeIgniter->handleRequest(NULL, Object(Config\Cache), false)
#12 /Users/fullstackdeveloper-baren/Dev/src/github/mobile-programming-api/system/Boot.php(312): CodeIgniter\CodeIgniter->run()
#13 /Users/fullstackdeveloper-baren/Dev/src/github/mobile-programming-api/system/Boot.php(67): CodeIgniter\Boot::runCodeIgniter(Object(CodeIgniter\CodeIgniter))
#14 /Users/fullstackdeveloper-baren/Dev/src/github/mobile-programming-api/public/index.php(56): CodeIgniter\Boot::bootWeb(Object(Config\Paths))
#15 /Users/fullstackdeveloper-baren/Dev/src/github/mobile-programming-api/system/Commands/Server/rewrite.php(49): require_once('/Users/fullstac...')
#16 {main}
CRITICAL - 2024-06-28 12:29:40 --> CodeIgniter\Database\Exceptions\DatabaseException: Column 'nama' cannot be null
[Method: POST, Route: registrasi]
in SYSTEMPATH/Database/BaseConnection.php on line 676.
 1 SYSTEMPATH/Database/BaseBuilder.php(2325): CodeIgniter\Database\BaseConnection->query('INSERT INTO `member` (`nama`, `email`, `password`) VALUES (:nama:, :email:, :password:)', [...], false)
 2 SYSTEMPATH/Model.php(383): CodeIgniter\Database\BaseBuilder->insert()
 3 SYSTEMPATH/BaseModel.php(840): CodeIgniter\Model->doInsert([...])
 4 SYSTEMPATH/Model.php(791): CodeIgniter\BaseModel->insert([...], false)
 5 SYSTEMPATH/BaseModel.php(751): CodeIgniter\Model->insert([...], false)
 6 APPPATH/Controllers/RegistrasiController.php(38): CodeIgniter\BaseModel->save([...])
 7 SYSTEMPATH/CodeIgniter.php(933): App\Controllers\RegistrasiController->registrasi()
 8 SYSTEMPATH/CodeIgniter.php(509): CodeIgniter\CodeIgniter->runController(Object(App\Controllers\RegistrasiController))
 9 SYSTEMPATH/CodeIgniter.php(355): CodeIgniter\CodeIgniter->handleRequest(null, Object(Config\Cache), false)
10 SYSTEMPATH/Boot.php(312): CodeIgniter\CodeIgniter->run()
11 SYSTEMPATH/Boot.php(67): CodeIgniter\Boot::runCodeIgniter(Object(CodeIgniter\CodeIgniter))
12 FCPATH/index.php(56): CodeIgniter\Boot::bootWeb(Object(Config\Paths))
13 SYSTEMPATH/Commands/Server/rewrite.php(49): require_once('/Users/fullstackdeveloper-baren/Dev/src/github/mobile-programming-api/public/index.php')
CRITICAL - 2024-06-28 12:29:40 --> [Caused by] CodeIgniter\Database\Exceptions\DatabaseException: Column 'nama' cannot be null
in SYSTEMPATH/Database/MySQLi/Connection.php on line 313.
 1 SYSTEMPATH/Database/BaseConnection.php(722): CodeIgniter\Database\MySQLi\Connection->execute('INSERT INTO `member` (`nama`, `email`, `password`) VALUES (NULL, \'baren@gmail.com\', \'$2y$10$8co/a/ZLJqsjUfYSmnjzU.SRGHUdk0qFKSrG1JuIcyRBGaC3wlU2e\')')
 2 SYSTEMPATH/Database/BaseConnection.php(636): CodeIgniter\Database\BaseConnection->simpleQuery('INSERT INTO `member` (`nama`, `email`, `password`) VALUES (NULL, \'baren@gmail.com\', \'$2y$10$8co/a/ZLJqsjUfYSmnjzU.SRGHUdk0qFKSrG1JuIcyRBGaC3wlU2e\')')
 3 SYSTEMPATH/Database/BaseBuilder.php(2325): CodeIgniter\Database\BaseConnection->query('INSERT INTO `member` (`nama`, `email`, `password`) VALUES (:nama:, :email:, :password:)', [...], false)
 4 SYSTEMPATH/Model.php(383): CodeIgniter\Database\BaseBuilder->insert()
 5 SYSTEMPATH/BaseModel.php(840): CodeIgniter\Model->doInsert([...])
 6 SYSTEMPATH/Model.php(791): CodeIgniter\BaseModel->insert([...], false)
 7 SYSTEMPATH/BaseModel.php(751): CodeIgniter\Model->insert([...], false)
 8 APPPATH/Controllers/RegistrasiController.php(38): CodeIgniter\BaseModel->save([...])
 9 SYSTEMPATH/CodeIgniter.php(933): App\Controllers\RegistrasiController->registrasi()
10 SYSTEMPATH/CodeIgniter.php(509): CodeIgniter\CodeIgniter->runController(Object(App\Controllers\RegistrasiController))
11 SYSTEMPATH/CodeIgniter.php(355): CodeIgniter\CodeIgniter->handleRequest(null, Object(Config\Cache), false)
12 SYSTEMPATH/Boot.php(312): CodeIgniter\CodeIgniter->run()
13 SYSTEMPATH/Boot.php(67): CodeIgniter\Boot::runCodeIgniter(Object(CodeIgniter\CodeIgniter))
14 FCPATH/index.php(56): CodeIgniter\Boot::bootWeb(Object(Config\Paths))
15 SYSTEMPATH/Commands/Server/rewrite.php(49): require_once('/Users/fullstackdeveloper-baren/Dev/src/github/mobile-programming-api/public/index.php')
CRITICAL - 2024-06-28 12:29:40 --> [Caused by] mysqli_sql_exception: Column 'nama' cannot be null
in SYSTEMPATH/Database/MySQLi/Connection.php on line 308.
 1 SYSTEMPATH/Database/MySQLi/Connection.php(308): mysqli->query('INSERT INTO `member` (`nama`, `email`, `password`) VALUES (NULL, \'baren@gmail.com\', \'$2y$10$8co/a/ZLJqsjUfYSmnjzU.SRGHUdk0qFKSrG1JuIcyRBGaC3wlU2e\')', 0)
 2 SYSTEMPATH/Database/BaseConnection.php(722): CodeIgniter\Database\MySQLi\Connection->execute('INSERT INTO `member` (`nama`, `email`, `password`) VALUES (NULL, \'baren@gmail.com\', \'$2y$10$8co/a/ZLJqsjUfYSmnjzU.SRGHUdk0qFKSrG1JuIcyRBGaC3wlU2e\')')
 3 SYSTEMPATH/Database/BaseConnection.php(636): CodeIgniter\Database\BaseConnection->simpleQuery('INSERT INTO `member` (`nama`, `email`, `password`) VALUES (NULL, \'baren@gmail.com\', \'$2y$10$8co/a/ZLJqsjUfYSmnjzU.SRGHUdk0qFKSrG1JuIcyRBGaC3wlU2e\')')
 4 SYSTEMPATH/Database/BaseBuilder.php(2325): CodeIgniter\Database\BaseConnection->query('INSERT INTO `member` (`nama`, `email`, `password`) VALUES (:nama:, :email:, :password:)', [...], false)
 5 SYSTEMPATH/Model.php(383): CodeIgniter\Database\BaseBuilder->insert()
 6 SYSTEMPATH/BaseModel.php(840): CodeIgniter\Model->doInsert([...])
 7 SYSTEMPATH/Model.php(791): CodeIgniter\BaseModel->insert([...], false)
 8 SYSTEMPATH/BaseModel.php(751): CodeIgniter\Model->insert([...], false)
 9 APPPATH/Controllers/RegistrasiController.php(38): CodeIgniter\BaseModel->save([...])
10 SYSTEMPATH/CodeIgniter.php(933): App\Controllers\RegistrasiController->registrasi()
11 SYSTEMPATH/CodeIgniter.php(509): CodeIgniter\CodeIgniter->runController(Object(App\Controllers\RegistrasiController))
12 SYSTEMPATH/CodeIgniter.php(355): CodeIgniter\CodeIgniter->handleRequest(null, Object(Config\Cache), false)
13 SYSTEMPATH/Boot.php(312): CodeIgniter\CodeIgniter->run()
14 SYSTEMPATH/Boot.php(67): CodeIgniter\Boot::runCodeIgniter(Object(CodeIgniter\CodeIgniter))
15 FCPATH/index.php(56): CodeIgniter\Boot::bootWeb(Object(Config\Paths))
16 SYSTEMPATH/Commands/Server/rewrite.php(49): require_once('/Users/fullstackdeveloper-baren/Dev/src/github/mobile-programming-api/public/index.php')
ERROR - 2024-06-28 13:02:19 --> mysqli_sql_exception: Column 'nama' cannot be null in /Users/fullstackdeveloper-baren/Dev/src/github/mobile-programming-api/system/Database/MySQLi/Connection.php:308
Stack trace:
#0 /Users/fullstackdeveloper-baren/Dev/src/github/mobile-programming-api/system/Database/MySQLi/Connection.php(308): mysqli->query('INSERT INTO `me...', 0)
#1 /Users/fullstackdeveloper-baren/Dev/src/github/mobile-programming-api/system/Database/BaseConnection.php(722): CodeIgniter\Database\MySQLi\Connection->execute('INSERT INTO `me...')
#2 /Users/fullstackdeveloper-baren/Dev/src/github/mobile-programming-api/system/Database/BaseConnection.php(636): CodeIgniter\Database\BaseConnection->simpleQuery('INSERT INTO `me...')
#3 /Users/fullstackdeveloper-baren/Dev/src/github/mobile-programming-api/system/Database/BaseBuilder.php(2325): CodeIgniter\Database\BaseConnection->query('INSERT INTO `me...', Array, false)
#4 /Users/fullstackdeveloper-baren/Dev/src/github/mobile-programming-api/system/Model.php(383): CodeIgniter\Database\BaseBuilder->insert()
#5 /Users/fullstackdeveloper-baren/Dev/src/github/mobile-programming-api/system/BaseModel.php(840): CodeIgniter\Model->doInsert(Array)
#6 /Users/fullstackdeveloper-baren/Dev/src/github/mobile-programming-api/system/Model.php(791): CodeIgniter\BaseModel->insert(Array, false)
#7 /Users/fullstackdeveloper-baren/Dev/src/github/mobile-programming-api/system/BaseModel.php(751): CodeIgniter\Model->insert(Array, false)
#8 /Users/fullstackdeveloper-baren/Dev/src/github/mobile-programming-api/app/Controllers/RegistrasiController.php(38): CodeIgniter\BaseModel->save(Array)
#9 /Users/fullstackdeveloper-baren/Dev/src/github/mobile-programming-api/system/CodeIgniter.php(933): App\Controllers\RegistrasiController->registrasi()
#10 /Users/fullstackdeveloper-baren/Dev/src/github/mobile-programming-api/system/CodeIgniter.php(509): CodeIgniter\CodeIgniter->runController(Object(App\Controllers\RegistrasiController))
#11 /Users/fullstackdeveloper-baren/Dev/src/github/mobile-programming-api/system/CodeIgniter.php(355): CodeIgniter\CodeIgniter->handleRequest(NULL, Object(Config\Cache), false)
#12 /Users/fullstackdeveloper-baren/Dev/src/github/mobile-programming-api/system/Boot.php(312): CodeIgniter\CodeIgniter->run()
#13 /Users/fullstackdeveloper-baren/Dev/src/github/mobile-programming-api/system/Boot.php(67): CodeIgniter\Boot::runCodeIgniter(Object(CodeIgniter\CodeIgniter))
#14 /Users/fullstackdeveloper-baren/Dev/src/github/mobile-programming-api/public/index.php(56): CodeIgniter\Boot::bootWeb(Object(Config\Paths))
#15 /Users/fullstackdeveloper-baren/Dev/src/github/mobile-programming-api/system/Commands/Server/rewrite.php(49): require_once('/Users/fullstac...')
#16 {main}
CRITICAL - 2024-06-28 13:02:19 --> CodeIgniter\Database\Exceptions\DatabaseException: Column 'nama' cannot be null
[Method: POST, Route: registrasi]
in SYSTEMPATH/Database/BaseConnection.php on line 676.
 1 SYSTEMPATH/Database/BaseBuilder.php(2325): CodeIgniter\Database\BaseConnection->query('INSERT INTO `member` (`nama`, `email`, `password`) VALUES (:nama:, :email:, :password:)', [...], false)
 2 SYSTEMPATH/Model.php(383): CodeIgniter\Database\BaseBuilder->insert()
 3 SYSTEMPATH/BaseModel.php(840): CodeIgniter\Model->doInsert([...])
 4 SYSTEMPATH/Model.php(791): CodeIgniter\BaseModel->insert([...], false)
 5 SYSTEMPATH/BaseModel.php(751): CodeIgniter\Model->insert([...], false)
 6 APPPATH/Controllers/RegistrasiController.php(38): CodeIgniter\BaseModel->save([...])
 7 SYSTEMPATH/CodeIgniter.php(933): App\Controllers\RegistrasiController->registrasi()
 8 SYSTEMPATH/CodeIgniter.php(509): CodeIgniter\CodeIgniter->runController(Object(App\Controllers\RegistrasiController))
 9 SYSTEMPATH/CodeIgniter.php(355): CodeIgniter\CodeIgniter->handleRequest(null, Object(Config\Cache), false)
10 SYSTEMPATH/Boot.php(312): CodeIgniter\CodeIgniter->run()
11 SYSTEMPATH/Boot.php(67): CodeIgniter\Boot::runCodeIgniter(Object(CodeIgniter\CodeIgniter))
12 FCPATH/index.php(56): CodeIgniter\Boot::bootWeb(Object(Config\Paths))
13 SYSTEMPATH/Commands/Server/rewrite.php(49): require_once('/Users/fullstackdeveloper-baren/Dev/src/github/mobile-programming-api/public/index.php')
CRITICAL - 2024-06-28 13:02:19 --> [Caused by] CodeIgniter\Database\Exceptions\DatabaseException: Column 'nama' cannot be null
in SYSTEMPATH/Database/MySQLi/Connection.php on line 313.
 1 SYSTEMPATH/Database/BaseConnection.php(722): CodeIgniter\Database\MySQLi\Connection->execute('INSERT INTO `member` (`nama`, `email`, `password`) VALUES (NULL, \'baren@gmail.com\', \'$2y$10$dCJnP2lS8mPWES6sEWgBAecXZKeaLH6cpPwkWihixBJaxnZ2U9cuW\')')
 2 SYSTEMPATH/Database/BaseConnection.php(636): CodeIgniter\Database\BaseConnection->simpleQuery('INSERT INTO `member` (`nama`, `email`, `password`) VALUES (NULL, \'baren@gmail.com\', \'$2y$10$dCJnP2lS8mPWES6sEWgBAecXZKeaLH6cpPwkWihixBJaxnZ2U9cuW\')')
 3 SYSTEMPATH/Database/BaseBuilder.php(2325): CodeIgniter\Database\BaseConnection->query('INSERT INTO `member` (`nama`, `email`, `password`) VALUES (:nama:, :email:, :password:)', [...], false)
 4 SYSTEMPATH/Model.php(383): CodeIgniter\Database\BaseBuilder->insert()
 5 SYSTEMPATH/BaseModel.php(840): CodeIgniter\Model->doInsert([...])
 6 SYSTEMPATH/Model.php(791): CodeIgniter\BaseModel->insert([...], false)
 7 SYSTEMPATH/BaseModel.php(751): CodeIgniter\Model->insert([...], false)
 8 APPPATH/Controllers/RegistrasiController.php(38): CodeIgniter\BaseModel->save([...])
 9 SYSTEMPATH/CodeIgniter.php(933): App\Controllers\RegistrasiController->registrasi()
10 SYSTEMPATH/CodeIgniter.php(509): CodeIgniter\CodeIgniter->runController(Object(App\Controllers\RegistrasiController))
11 SYSTEMPATH/CodeIgniter.php(355): CodeIgniter\CodeIgniter->handleRequest(null, Object(Config\Cache), false)
12 SYSTEMPATH/Boot.php(312): CodeIgniter\CodeIgniter->run()
13 SYSTEMPATH/Boot.php(67): CodeIgniter\Boot::runCodeIgniter(Object(CodeIgniter\CodeIgniter))
14 FCPATH/index.php(56): CodeIgniter\Boot::bootWeb(Object(Config\Paths))
15 SYSTEMPATH/Commands/Server/rewrite.php(49): require_once('/Users/fullstackdeveloper-baren/Dev/src/github/mobile-programming-api/public/index.php')
CRITICAL - 2024-06-28 13:02:19 --> [Caused by] mysqli_sql_exception: Column 'nama' cannot be null
in SYSTEMPATH/Database/MySQLi/Connection.php on line 308.
 1 SYSTEMPATH/Database/MySQLi/Connection.php(308): mysqli->query('INSERT INTO `member` (`nama`, `email`, `password`) VALUES (NULL, \'baren@gmail.com\', \'$2y$10$dCJnP2lS8mPWES6sEWgBAecXZKeaLH6cpPwkWihixBJaxnZ2U9cuW\')', 0)
 2 SYSTEMPATH/Database/BaseConnection.php(722): CodeIgniter\Database\MySQLi\Connection->execute('INSERT INTO `member` (`nama`, `email`, `password`) VALUES (NULL, \'baren@gmail.com\', \'$2y$10$dCJnP2lS8mPWES6sEWgBAecXZKeaLH6cpPwkWihixBJaxnZ2U9cuW\')')
 3 SYSTEMPATH/Database/BaseConnection.php(636): CodeIgniter\Database\BaseConnection->simpleQuery('INSERT INTO `member` (`nama`, `email`, `password`) VALUES (NULL, \'baren@gmail.com\', \'$2y$10$dCJnP2lS8mPWES6sEWgBAecXZKeaLH6cpPwkWihixBJaxnZ2U9cuW\')')
 4 SYSTEMPATH/Database/BaseBuilder.php(2325): CodeIgniter\Database\BaseConnection->query('INSERT INTO `member` (`nama`, `email`, `password`) VALUES (:nama:, :email:, :password:)', [...], false)
 5 SYSTEMPATH/Model.php(383): CodeIgniter\Database\BaseBuilder->insert()
 6 SYSTEMPATH/BaseModel.php(840): CodeIgniter\Model->doInsert([...])
 7 SYSTEMPATH/Model.php(791): CodeIgniter\BaseModel->insert([...], false)
 8 SYSTEMPATH/BaseModel.php(751): CodeIgniter\Model->insert([...], false)
 9 APPPATH/Controllers/RegistrasiController.php(38): CodeIgniter\BaseModel->save([...])
10 SYSTEMPATH/CodeIgniter.php(933): App\Controllers\RegistrasiController->registrasi()
11 SYSTEMPATH/CodeIgniter.php(509): CodeIgniter\CodeIgniter->runController(Object(App\Controllers\RegistrasiController))
12 SYSTEMPATH/CodeIgniter.php(355): CodeIgniter\CodeIgniter->handleRequest(null, Object(Config\Cache), false)
13 SYSTEMPATH/Boot.php(312): CodeIgniter\CodeIgniter->run()
14 SYSTEMPATH/Boot.php(67): CodeIgniter\Boot::runCodeIgniter(Object(CodeIgniter\CodeIgniter))
15 FCPATH/index.php(56): CodeIgniter\Boot::bootWeb(Object(Config\Paths))
16 SYSTEMPATH/Commands/Server/rewrite.php(49): require_once('/Users/fullstackdeveloper-baren/Dev/src/github/mobile-programming-api/public/index.php')
