ERROR - 2024-07-05 03:06:50 --> mysqli_sql_exception: Column 'nama' cannot be null in /Users/fullstackdeveloper-baren/Dev/src/github/mobile-programming-api/system/Database/MySQLi/Connection.php:308
Stack trace:
#0 /Users/fullstackdeveloper-baren/Dev/src/github/mobile-programming-api/system/Database/MySQLi/Connection.php(308): mysqli->query('INSERT INTO `me...', 0)
#1 /Users/fullstackdeveloper-baren/Dev/src/github/mobile-programming-api/system/Database/BaseConnection.php(722): CodeIgniter\Database\MySQLi\Connection->execute('INSERT INTO `me...')
#2 /Users/fullstackdeveloper-baren/Dev/src/github/mobile-programming-api/system/Database/BaseConnection.php(636): CodeIgniter\Database\BaseConnection->simpleQuery('INSERT INTO `me...')
#3 /Users/fullstackdeveloper-baren/Dev/src/github/mobile-programming-api/system/Database/BaseBuilder.php(2325): CodeIgniter\Database\BaseConnection->query('INSERT INTO `me...', Array, false)
#4 /Users/fullstackdeveloper-baren/Dev/src/github/mobile-programming-api/system/Model.php(383): CodeIgniter\Database\BaseBuilder->insert()
#5 /Users/fullstackdeveloper-baren/Dev/src/github/mobile-programming-api/system/BaseModel.php(840): CodeIgniter\Model->doInsert(Array)
#6 /Users/fullstackdeveloper-baren/Dev/src/github/mobile-programming-api/system/Model.php(791): CodeIgniter\BaseModel->insert(Array, false)
#7 /Users/fullstackdeveloper-baren/Dev/src/github/mobile-programming-api/system/BaseModel.php(751): CodeIgniter\Model->insert(Array, false)
#8 /Users/fullstackdeveloper-baren/Dev/src/github/mobile-programming-api/app/Controllers/RegistrasiController.php(38): CodeIgniter\BaseModel->save(Array)
#9 /Users/fullstackdeveloper-baren/Dev/src/github/mobile-programming-api/system/CodeIgniter.php(933): App\Controllers\RegistrasiController->registrasi()
#10 /Users/fullstackdeveloper-baren/Dev/src/github/mobile-programming-api/system/CodeIgniter.php(509): CodeIgniter\CodeIgniter->runController(Object(App\Controllers\RegistrasiController))
#11 /Users/fullstackdeveloper-baren/Dev/src/github/mobile-programming-api/system/CodeIgniter.php(355): CodeIgniter\CodeIgniter->handleRequest(NULL, Object(Config\Cache), false)
#12 /Users/fullstackdeveloper-baren/Dev/src/github/mobile-programming-api/system/Boot.php(312): CodeIgniter\CodeIgniter->run()
#13 /Users/fullstackdeveloper-baren/Dev/src/github/mobile-programming-api/system/Boot.php(67): CodeIgniter\Boot::runCodeIgniter(Object(CodeIgniter\CodeIgniter))
#14 /Users/fullstackdeveloper-baren/Dev/src/github/mobile-programming-api/public/index.php(56): CodeIgniter\Boot::bootWeb(Object(Config\Paths))
#15 /Users/fullstackdeveloper-baren/Dev/src/github/mobile-programming-api/system/Commands/Server/rewrite.php(49): require_once('/Users/fullstac...')
#16 {main}
CRITICAL - 2024-07-05 03:06:50 --> CodeIgniter\Database\Exceptions\DatabaseException: Column 'nama' cannot be null
[Method: POST, Route: registrasi]
in SYSTEMPATH/Database/BaseConnection.php on line 676.
 1 SYSTEMPATH/Database/BaseBuilder.php(2325): CodeIgniter\Database\BaseConnection->query('INSERT INTO `member` (`nama`, `email`, `password`) VALUES (:nama:, :email:, :password:)', [...], false)
 2 SYSTEMPATH/Model.php(383): CodeIgniter\Database\BaseBuilder->insert()
 3 SYSTEMPATH/BaseModel.php(840): CodeIgniter\Model->doInsert([...])
 4 SYSTEMPATH/Model.php(791): CodeIgniter\BaseModel->insert([...], false)
 5 SYSTEMPATH/BaseModel.php(751): CodeIgniter\Model->insert([...], false)
 6 APPPATH/Controllers/RegistrasiController.php(38): CodeIgniter\BaseModel->save([...])
 7 SYSTEMPATH/CodeIgniter.php(933): App\Controllers\RegistrasiController->registrasi()
 8 SYSTEMPATH/CodeIgniter.php(509): CodeIgniter\CodeIgniter->runController(Object(App\Controllers\RegistrasiController))
 9 SYSTEMPATH/CodeIgniter.php(355): CodeIgniter\CodeIgniter->handleRequest(null, Object(Config\Cache), false)
10 SYSTEMPATH/Boot.php(312): CodeIgniter\CodeIgniter->run()
11 SYSTEMPATH/Boot.php(67): CodeIgniter\Boot::runCodeIgniter(Object(CodeIgniter\CodeIgniter))
12 FCPATH/index.php(56): CodeIgniter\Boot::bootWeb(Object(Config\Paths))
13 SYSTEMPATH/Commands/Server/rewrite.php(49): require_once('/Users/fullstackdeveloper-baren/Dev/src/github/mobile-programming-api/public/index.php')
CRITICAL - 2024-07-05 03:06:50 --> [Caused by] CodeIgniter\Database\Exceptions\DatabaseException: Column 'nama' cannot be null
in SYSTEMPATH/Database/MySQLi/Connection.php on line 313.
 1 SYSTEMPATH/Database/BaseConnection.php(722): CodeIgniter\Database\MySQLi\Connection->execute('INSERT INTO `member` (`nama`, `email`, `password`) VALUES (NULL, \'baren@gmail.com\', \'$2y$10$Ezryp9uc3DxZJWsWNL1Qmu27iY486q.57YWl/n6gNeTXAkgY3idHK\')')
 2 SYSTEMPATH/Database/BaseConnection.php(636): CodeIgniter\Database\BaseConnection->simpleQuery('INSERT INTO `member` (`nama`, `email`, `password`) VALUES (NULL, \'baren@gmail.com\', \'$2y$10$Ezryp9uc3DxZJWsWNL1Qmu27iY486q.57YWl/n6gNeTXAkgY3idHK\')')
 3 SYSTEMPATH/Database/BaseBuilder.php(2325): CodeIgniter\Database\BaseConnection->query('INSERT INTO `member` (`nama`, `email`, `password`) VALUES (:nama:, :email:, :password:)', [...], false)
 4 SYSTEMPATH/Model.php(383): CodeIgniter\Database\BaseBuilder->insert()
 5 SYSTEMPATH/BaseModel.php(840): CodeIgniter\Model->doInsert([...])
 6 SYSTEMPATH/Model.php(791): CodeIgniter\BaseModel->insert([...], false)
 7 SYSTEMPATH/BaseModel.php(751): CodeIgniter\Model->insert([...], false)
 8 APPPATH/Controllers/RegistrasiController.php(38): CodeIgniter\BaseModel->save([...])
 9 SYSTEMPATH/CodeIgniter.php(933): App\Controllers\RegistrasiController->registrasi()
10 SYSTEMPATH/CodeIgniter.php(509): CodeIgniter\CodeIgniter->runController(Object(App\Controllers\RegistrasiController))
11 SYSTEMPATH/CodeIgniter.php(355): CodeIgniter\CodeIgniter->handleRequest(null, Object(Config\Cache), false)
12 SYSTEMPATH/Boot.php(312): CodeIgniter\CodeIgniter->run()
13 SYSTEMPATH/Boot.php(67): CodeIgniter\Boot::runCodeIgniter(Object(CodeIgniter\CodeIgniter))
14 FCPATH/index.php(56): CodeIgniter\Boot::bootWeb(Object(Config\Paths))
15 SYSTEMPATH/Commands/Server/rewrite.php(49): require_once('/Users/fullstackdeveloper-baren/Dev/src/github/mobile-programming-api/public/index.php')
CRITICAL - 2024-07-05 03:06:50 --> [Caused by] mysqli_sql_exception: Column 'nama' cannot be null
in SYSTEMPATH/Database/MySQLi/Connection.php on line 308.
 1 SYSTEMPATH/Database/MySQLi/Connection.php(308): mysqli->query('INSERT INTO `member` (`nama`, `email`, `password`) VALUES (NULL, \'baren@gmail.com\', \'$2y$10$Ezryp9uc3DxZJWsWNL1Qmu27iY486q.57YWl/n6gNeTXAkgY3idHK\')', 0)
 2 SYSTEMPATH/Database/BaseConnection.php(722): CodeIgniter\Database\MySQLi\Connection->execute('INSERT INTO `member` (`nama`, `email`, `password`) VALUES (NULL, \'baren@gmail.com\', \'$2y$10$Ezryp9uc3DxZJWsWNL1Qmu27iY486q.57YWl/n6gNeTXAkgY3idHK\')')
 3 SYSTEMPATH/Database/BaseConnection.php(636): CodeIgniter\Database\BaseConnection->simpleQuery('INSERT INTO `member` (`nama`, `email`, `password`) VALUES (NULL, \'baren@gmail.com\', \'$2y$10$Ezryp9uc3DxZJWsWNL1Qmu27iY486q.57YWl/n6gNeTXAkgY3idHK\')')
 4 SYSTEMPATH/Database/BaseBuilder.php(2325): CodeIgniter\Database\BaseConnection->query('INSERT INTO `member` (`nama`, `email`, `password`) VALUES (:nama:, :email:, :password:)', [...], false)
 5 SYSTEMPATH/Model.php(383): CodeIgniter\Database\BaseBuilder->insert()
 6 SYSTEMPATH/BaseModel.php(840): CodeIgniter\Model->doInsert([...])
 7 SYSTEMPATH/Model.php(791): CodeIgniter\BaseModel->insert([...], false)
 8 SYSTEMPATH/BaseModel.php(751): CodeIgniter\Model->insert([...], false)
 9 APPPATH/Controllers/RegistrasiController.php(38): CodeIgniter\BaseModel->save([...])
10 SYSTEMPATH/CodeIgniter.php(933): App\Controllers\RegistrasiController->registrasi()
11 SYSTEMPATH/CodeIgniter.php(509): CodeIgniter\CodeIgniter->runController(Object(App\Controllers\RegistrasiController))
12 SYSTEMPATH/CodeIgniter.php(355): CodeIgniter\CodeIgniter->handleRequest(null, Object(Config\Cache), false)
13 SYSTEMPATH/Boot.php(312): CodeIgniter\CodeIgniter->run()
14 SYSTEMPATH/Boot.php(67): CodeIgniter\Boot::runCodeIgniter(Object(CodeIgniter\CodeIgniter))
15 FCPATH/index.php(56): CodeIgniter\Boot::bootWeb(Object(Config\Paths))
16 SYSTEMPATH/Commands/Server/rewrite.php(49): require_once('/Users/fullstackdeveloper-baren/Dev/src/github/mobile-programming-api/public/index.php')
ERROR - 2024-07-05 03:06:56 --> mysqli_sql_exception: Column 'nama' cannot be null in /Users/fullstackdeveloper-baren/Dev/src/github/mobile-programming-api/system/Database/MySQLi/Connection.php:308
Stack trace:
#0 /Users/fullstackdeveloper-baren/Dev/src/github/mobile-programming-api/system/Database/MySQLi/Connection.php(308): mysqli->query('INSERT INTO `me...', 0)
#1 /Users/fullstackdeveloper-baren/Dev/src/github/mobile-programming-api/system/Database/BaseConnection.php(722): CodeIgniter\Database\MySQLi\Connection->execute('INSERT INTO `me...')
#2 /Users/fullstackdeveloper-baren/Dev/src/github/mobile-programming-api/system/Database/BaseConnection.php(636): CodeIgniter\Database\BaseConnection->simpleQuery('INSERT INTO `me...')
#3 /Users/fullstackdeveloper-baren/Dev/src/github/mobile-programming-api/system/Database/BaseBuilder.php(2325): CodeIgniter\Database\BaseConnection->query('INSERT INTO `me...', Array, false)
#4 /Users/fullstackdeveloper-baren/Dev/src/github/mobile-programming-api/system/Model.php(383): CodeIgniter\Database\BaseBuilder->insert()
#5 /Users/fullstackdeveloper-baren/Dev/src/github/mobile-programming-api/system/BaseModel.php(840): CodeIgniter\Model->doInsert(Array)
#6 /Users/fullstackdeveloper-baren/Dev/src/github/mobile-programming-api/system/Model.php(791): CodeIgniter\BaseModel->insert(Array, false)
#7 /Users/fullstackdeveloper-baren/Dev/src/github/mobile-programming-api/system/BaseModel.php(751): CodeIgniter\Model->insert(Array, false)
#8 /Users/fullstackdeveloper-baren/Dev/src/github/mobile-programming-api/app/Controllers/RegistrasiController.php(38): CodeIgniter\BaseModel->save(Array)
#9 /Users/fullstackdeveloper-baren/Dev/src/github/mobile-programming-api/system/CodeIgniter.php(933): App\Controllers\RegistrasiController->registrasi()
#10 /Users/fullstackdeveloper-baren/Dev/src/github/mobile-programming-api/system/CodeIgniter.php(509): CodeIgniter\CodeIgniter->runController(Object(App\Controllers\RegistrasiController))
#11 /Users/fullstackdeveloper-baren/Dev/src/github/mobile-programming-api/system/CodeIgniter.php(355): CodeIgniter\CodeIgniter->handleRequest(NULL, Object(Config\Cache), false)
#12 /Users/fullstackdeveloper-baren/Dev/src/github/mobile-programming-api/system/Boot.php(312): CodeIgniter\CodeIgniter->run()
#13 /Users/fullstackdeveloper-baren/Dev/src/github/mobile-programming-api/system/Boot.php(67): CodeIgniter\Boot::runCodeIgniter(Object(CodeIgniter\CodeIgniter))
#14 /Users/fullstackdeveloper-baren/Dev/src/github/mobile-programming-api/public/index.php(56): CodeIgniter\Boot::bootWeb(Object(Config\Paths))
#15 /Users/fullstackdeveloper-baren/Dev/src/github/mobile-programming-api/system/Commands/Server/rewrite.php(49): require_once('/Users/fullstac...')
#16 {main}
CRITICAL - 2024-07-05 03:06:56 --> CodeIgniter\Database\Exceptions\DatabaseException: Column 'nama' cannot be null
[Method: POST, Route: registrasi]
in SYSTEMPATH/Database/BaseConnection.php on line 676.
 1 SYSTEMPATH/Database/BaseBuilder.php(2325): CodeIgniter\Database\BaseConnection->query('INSERT INTO `member` (`nama`, `email`, `password`) VALUES (:nama:, :email:, :password:)', [...], false)
 2 SYSTEMPATH/Model.php(383): CodeIgniter\Database\BaseBuilder->insert()
 3 SYSTEMPATH/BaseModel.php(840): CodeIgniter\Model->doInsert([...])
 4 SYSTEMPATH/Model.php(791): CodeIgniter\BaseModel->insert([...], false)
 5 SYSTEMPATH/BaseModel.php(751): CodeIgniter\Model->insert([...], false)
 6 APPPATH/Controllers/RegistrasiController.php(38): CodeIgniter\BaseModel->save([...])
 7 SYSTEMPATH/CodeIgniter.php(933): App\Controllers\RegistrasiController->registrasi()
 8 SYSTEMPATH/CodeIgniter.php(509): CodeIgniter\CodeIgniter->runController(Object(App\Controllers\RegistrasiController))
 9 SYSTEMPATH/CodeIgniter.php(355): CodeIgniter\CodeIgniter->handleRequest(null, Object(Config\Cache), false)
10 SYSTEMPATH/Boot.php(312): CodeIgniter\CodeIgniter->run()
11 SYSTEMPATH/Boot.php(67): CodeIgniter\Boot::runCodeIgniter(Object(CodeIgniter\CodeIgniter))
12 FCPATH/index.php(56): CodeIgniter\Boot::bootWeb(Object(Config\Paths))
13 SYSTEMPATH/Commands/Server/rewrite.php(49): require_once('/Users/fullstackdeveloper-baren/Dev/src/github/mobile-programming-api/public/index.php')
CRITICAL - 2024-07-05 03:06:56 --> [Caused by] CodeIgniter\Database\Exceptions\DatabaseException: Column 'nama' cannot be null
in SYSTEMPATH/Database/MySQLi/Connection.php on line 313.
 1 SYSTEMPATH/Database/BaseConnection.php(722): CodeIgniter\Database\MySQLi\Connection->execute('INSERT INTO `member` (`nama`, `email`, `password`) VALUES (NULL, \'baren@gmail.com\', \'$2y$10$g6guSNXYkZE1bUzhNDRhR.4XjUE6wkkVl/GFIdjmWevATESSIb8Zm\')')
 2 SYSTEMPATH/Database/BaseConnection.php(636): CodeIgniter\Database\BaseConnection->simpleQuery('INSERT INTO `member` (`nama`, `email`, `password`) VALUES (NULL, \'baren@gmail.com\', \'$2y$10$g6guSNXYkZE1bUzhNDRhR.4XjUE6wkkVl/GFIdjmWevATESSIb8Zm\')')
 3 SYSTEMPATH/Database/BaseBuilder.php(2325): CodeIgniter\Database\BaseConnection->query('INSERT INTO `member` (`nama`, `email`, `password`) VALUES (:nama:, :email:, :password:)', [...], false)
 4 SYSTEMPATH/Model.php(383): CodeIgniter\Database\BaseBuilder->insert()
 5 SYSTEMPATH/BaseModel.php(840): CodeIgniter\Model->doInsert([...])
 6 SYSTEMPATH/Model.php(791): CodeIgniter\BaseModel->insert([...], false)
 7 SYSTEMPATH/BaseModel.php(751): CodeIgniter\Model->insert([...], false)
 8 APPPATH/Controllers/RegistrasiController.php(38): CodeIgniter\BaseModel->save([...])
 9 SYSTEMPATH/CodeIgniter.php(933): App\Controllers\RegistrasiController->registrasi()
10 SYSTEMPATH/CodeIgniter.php(509): CodeIgniter\CodeIgniter->runController(Object(App\Controllers\RegistrasiController))
11 SYSTEMPATH/CodeIgniter.php(355): CodeIgniter\CodeIgniter->handleRequest(null, Object(Config\Cache), false)
12 SYSTEMPATH/Boot.php(312): CodeIgniter\CodeIgniter->run()
13 SYSTEMPATH/Boot.php(67): CodeIgniter\Boot::runCodeIgniter(Object(CodeIgniter\CodeIgniter))
14 FCPATH/index.php(56): CodeIgniter\Boot::bootWeb(Object(Config\Paths))
15 SYSTEMPATH/Commands/Server/rewrite.php(49): require_once('/Users/fullstackdeveloper-baren/Dev/src/github/mobile-programming-api/public/index.php')
CRITICAL - 2024-07-05 03:06:56 --> [Caused by] mysqli_sql_exception: Column 'nama' cannot be null
in SYSTEMPATH/Database/MySQLi/Connection.php on line 308.
 1 SYSTEMPATH/Database/MySQLi/Connection.php(308): mysqli->query('INSERT INTO `member` (`nama`, `email`, `password`) VALUES (NULL, \'baren@gmail.com\', \'$2y$10$g6guSNXYkZE1bUzhNDRhR.4XjUE6wkkVl/GFIdjmWevATESSIb8Zm\')', 0)
 2 SYSTEMPATH/Database/BaseConnection.php(722): CodeIgniter\Database\MySQLi\Connection->execute('INSERT INTO `member` (`nama`, `email`, `password`) VALUES (NULL, \'baren@gmail.com\', \'$2y$10$g6guSNXYkZE1bUzhNDRhR.4XjUE6wkkVl/GFIdjmWevATESSIb8Zm\')')
 3 SYSTEMPATH/Database/BaseConnection.php(636): CodeIgniter\Database\BaseConnection->simpleQuery('INSERT INTO `member` (`nama`, `email`, `password`) VALUES (NULL, \'baren@gmail.com\', \'$2y$10$g6guSNXYkZE1bUzhNDRhR.4XjUE6wkkVl/GFIdjmWevATESSIb8Zm\')')
 4 SYSTEMPATH/Database/BaseBuilder.php(2325): CodeIgniter\Database\BaseConnection->query('INSERT INTO `member` (`nama`, `email`, `password`) VALUES (:nama:, :email:, :password:)', [...], false)
 5 SYSTEMPATH/Model.php(383): CodeIgniter\Database\BaseBuilder->insert()
 6 SYSTEMPATH/BaseModel.php(840): CodeIgniter\Model->doInsert([...])
 7 SYSTEMPATH/Model.php(791): CodeIgniter\BaseModel->insert([...], false)
 8 SYSTEMPATH/BaseModel.php(751): CodeIgniter\Model->insert([...], false)
 9 APPPATH/Controllers/RegistrasiController.php(38): CodeIgniter\BaseModel->save([...])
10 SYSTEMPATH/CodeIgniter.php(933): App\Controllers\RegistrasiController->registrasi()
11 SYSTEMPATH/CodeIgniter.php(509): CodeIgniter\CodeIgniter->runController(Object(App\Controllers\RegistrasiController))
12 SYSTEMPATH/CodeIgniter.php(355): CodeIgniter\CodeIgniter->handleRequest(null, Object(Config\Cache), false)
13 SYSTEMPATH/Boot.php(312): CodeIgniter\CodeIgniter->run()
14 SYSTEMPATH/Boot.php(67): CodeIgniter\Boot::runCodeIgniter(Object(CodeIgniter\CodeIgniter))
15 FCPATH/index.php(56): CodeIgniter\Boot::bootWeb(Object(Config\Paths))
16 SYSTEMPATH/Commands/Server/rewrite.php(49): require_once('/Users/fullstackdeveloper-baren/Dev/src/github/mobile-programming-api/public/index.php')
CRITICAL - 2024-07-05 04:34:26 --> CodeIgniter\View\Exceptions\ViewException: Invalid file: "create_produk.php"
[Method: GET, Route: dashboard/create]
in SYSTEMPATH/Exceptions/FrameworkException.php on line 41.
 1 SYSTEMPATH/View/View.php(222): CodeIgniter\Exceptions\FrameworkException::forInvalidFile('create_produk.php')
 2 SYSTEMPATH/Common.php(1171): CodeIgniter\View\View->render('create_produk', [], true)
 3 APPPATH/Controllers/DashboardController.php(16): view('create_produk')
 4 SYSTEMPATH/CodeIgniter.php(933): App\Controllers\DashboardController->create()
 5 SYSTEMPATH/CodeIgniter.php(509): CodeIgniter\CodeIgniter->runController(Object(App\Controllers\DashboardController))
 6 SYSTEMPATH/CodeIgniter.php(355): CodeIgniter\CodeIgniter->handleRequest(null, Object(Config\Cache), false)
 7 SYSTEMPATH/Boot.php(312): CodeIgniter\CodeIgniter->run()
 8 SYSTEMPATH/Boot.php(67): CodeIgniter\Boot::runCodeIgniter(Object(CodeIgniter\CodeIgniter))
 9 FCPATH/index.php(56): CodeIgniter\Boot::bootWeb(Object(Config\Paths))
10 SYSTEMPATH/Commands/Server/rewrite.php(49): require_once('/Users/fullstackdeveloper-baren/Dev/src/github/mobile-programming-api/public/index.php')
